Corrected date: 2025-01-06 → 2025-07-06
Corrected date: 2025-01-05 → 2025-07-05
Corrected date: 2025-01-03 → 2025-07-03
Corrected date: 2025-01-06 → 2025-07-06
Corrected date: 2025-01-05 → 2025-07-05
Corrected date: 2025-01-03 → 2025-07-03
Migration failed with exception
Traceback (most recent call last):
  File "/home/loucmane/dev/javascript/MomsBlog/blog/scripts/migration/migrate_sessions.py", line 698, in run
    if not Confirm.ask("\n[yellow]Proceed with migration?[/yellow]"):
           ^^^^^^^^^^^^^^^^^^^^^^^^^^^^^^^^^^^^^^^^^^^^^^^^^^^^^^^^^
  File "/usr/lib/python3/dist-packages/rich/prompt.py", line 141, in ask
    return _prompt(default=default, stream=stream)
           ^^^^^^^^^^^^^^^^^^^^^^^^^^^^^^^^^^^^^^^
  File "/usr/lib/python3/dist-packages/rich/prompt.py", line 274, in __call__
    value = self.get_input(self.console, prompt, self.password, stream=stream)
            ^^^^^^^^^^^^^^^^^^^^^^^^^^^^^^^^^^^^^^^^^^^^^^^^^^^^^^^^^^^^^^^^^^
  File "/usr/lib/python3/dist-packages/rich/prompt.py", line 203, in get_input
    return console.input(prompt, password=password, stream=stream)
           ^^^^^^^^^^^^^^^^^^^^^^^^^^^^^^^^^^^^^^^^^^^^^^^^^^^^^^^
  File "/usr/lib/python3/dist-packages/rich/console.py", line 2123, in input
    result = input()
             ^^^^^^^
EOFError: EOF when reading a line
Corrected date: 2025-01-06 → 2025-07-06
Corrected date: 2025-01-05 → 2025-07-05
Corrected date: 2025-01-03 → 2025-07-03
