[
  {
    "plan": "plans/2026-07-10-task48-protected-ci-controlled-auto-merge.md",
    "plan_hash": "7c2ba8ac7b4e246cd7f31c7dd399e2acee34a396e758b96b71103baa9118776d",
    "tracker_hash": "8ee382131e264bd4e09412f76110575add1ab24e39c343e066439494614531ce",
    "synced_at": "2026-07-10T01:05:39.232686+02:00"
  },
  {
    "plan": "plans/2026-07-10-task48-protected-ci-controlled-auto-merge.md",
    "plan_hash": "692c085c536403bda1d4081bde54dbb8a094e1cf6d7865a1a5e3eeb9a7a3e8f7",
    "tracker_hash": "8d579b9500e75f5b00fc50fd5bf6ad4a0e2fba9477bfc7444e7377930ab52977",
    "synced_at": "2026-07-10T01:17:17.734542+02:00"
  },
  {
    "plan": "plans/2026-07-10-task48-protected-ci-controlled-auto-merge.md",
    "plan_hash": "aac9b75976d26f90a14ad6bad7fe0450cf0bd3a830863ae093ae3d88be43e677",
    "tracker_hash": "ac6a2d3416f845bf61d932b92679f0e67b4b73eae51ffacec3387ef9f086a465",
    "synced_at": "2026-07-10T01:17:33.815147+02:00"
  }
]
