$ node tests/ci/auto-merge-policy.test.mjs && node tests/ci/auto-merge-workflow.test.mjs
✔ allows a documentation-only pull request without an opt-in label (2.192275ms)
✔ allows cataloged domain-skill paths while protecting the control skill (0.325677ms)
✔ allows PR #19 exact verification-only manifest timestamp delta (1.774229ms)
✔ allows only unique regular 100644 blobs for base and head (0.194094ms)
✔ denies manifest object fixture: regular file becomes symlink (1.241553ms)
✔ denies manifest object fixture: executable bit is added (1.087385ms)
✔ denies manifest object fixture: manifest blob is missing (0.560253ms)
✔ denies manifest object fixture: manifest object has wrong type (0.506351ms)
✔ denies manifest object fixture: manifest entry is ambiguous (0.965431ms)
✔ denies manifest object fixture: aegis tree entry is missing (0.466191ms)
✔ denies manifest object fixture: root tree response is truncated (0.414109ms)
✔ denies manifest object fixture: manifest tree response is truncated (0.368838ms)
✔ denies manifest object fixture: manifest entry is a submodule (0.582874ms)
✔ denies manifest object fixture: head revision evidence is missing (0.355438ms)
✔ denies manifest object fixture: head revision evidence is duplicated (0.257006ms)
✔ denies manifest object fixture: manifest path is unexpected (0.247226ms)
✔ denies manifest object fixture: head object evidence has malformed shape (0.538582ms)
✔ denies PR #19 manifest fixture: malformed base JSON (0.327287ms)
✔ denies PR #19 manifest fixture: malformed head JSON (0.155604ms)
✔ denies PR #19 manifest fixture: missing base content (0.095282ms)
✔ denies PR #19 manifest fixture: missing head content (0.078912ms)
✔ denies PR #19 manifest fixture: invalid calendar timestamp (0.177554ms)
✔ denies PR #19 manifest fixture: timestamp plus runtime source change (0.276756ms)
✔ denies PR #19 manifest fixture: managed asset checksum change (0.4794ms)
✔ denies PR #19 manifest fixture: enforcement field addition (0.567278ms)
✔ denies PR #19 manifest fixture: authority field addition (0.315757ms)
✔ denies PR #19 manifest fixture: verification report-list change (0.324667ms)
✔ denies PR #19 manifest fixture: verification status change (0.514222ms)
✔ denies PR #19 manifest fixture: field deletion (0.746032ms)
✔ denies PR #19 manifest fixture: timestamp deletion (0.213634ms)
✔ denies PR #19 manifest fixture: extra nested field (0.354238ms)
✔ allows current time and the exact five-minute skew boundary (0.689386ms)
✔ denies timestamp beyond the five-minute boundary (0.183184ms)
✔ denies year-9999 timestamp (0.103612ms)
✔ denies already-future base timestamp (0.271606ms)
✔ denies equal timestamp (0.152863ms)
✔ fails closed without a valid trusted evaluation time (0.182444ms)
✔ denies foundation-manifest changes without trusted semantic evidence (0.217685ms)
✔ denies any additional foundation-manifest semantic change (0.535222ms)
✔ denies stale timestamps and non-modified foundation-manifest paths (0.44017ms)
✔ keeps every other Aegis path denied beside a verified timestamp change (0.680755ms)
✔ denies workflow-permissions path .github/workflows/release.yml (0.210035ms)
✔ denies ci-governance path scripts/ci/auto-merge-policy.mjs (0.246916ms)
✔ denies ci-governance path config/ci/verification-capabilities.json (0.047191ms)
✔ denies ci-governance path packages/web/tsconfig.json (0.050601ms)
✔ denies secret-material path config/secrets/production.json (0.02461ms)
✔ denies production-deployment path infra/production/main.tf (0.017831ms)
✔ denies migration path database/migrations/0001_drop_table.sql (0.086172ms)
✔ denies destructive-operation path scripts/ops/destroy-preview.sh (0.02172ms)
✔ denies branch-protection path config/branch-protection.json (0.02682ms)
✔ denies aegis-retirement path .aegis/contract.md (0.022131ms)
✔ denies aegis-retirement path docs/ai/AEGIS_AUTONOMY_GRANT.md (0.01728ms)
✔ denies changes to workflow and CI enforcement surfaces (0.089292ms)
✔ deny labels override otherwise safe paths (0.046381ms)
✔ fails closed when the file list is empty or malformed (0.040031ms)
✔ fails closed unless the caller proves the file inventory is complete (0.051281ms)
✔ requires real applicable test capabilities for behavior-changing paths (0.136033ms)
✔ fails closed when a test file is removed (0.192884ms)
✔ classifies both sides of a rename and denies missing rename provenance (0.143644ms)
✔ allows dependency-only manifest changes only when scripts remain trusted (0.242575ms)
✔ allows only when every exact required check is green from GitHub Actions (0.200664ms)
✔ defers when a required check is missing or pending (0.091262ms)
✔ denies failed checks and checks from an unexpected app (0.153903ms)
✔ uses the newest duplicate check run instead of a stale success (0.234164ms)
✔ flattens paginated check-run responses (0.189144ms)
ℹ tests 65
ℹ suites 0
ℹ pass 65
ℹ fail 0
ℹ cancelled 0
ℹ skipped 0
ℹ todo 0
ℹ duration_ms 30.888126
✔ handles CI completion and pull-request eligibility state changes (1.114925ms)
✔ grants write access only to contents and pull requests in the merge job (0.201675ms)
✔ executes trusted default-branch policy instead of pull-request code (0.123033ms)
✔ never checks out or fetches a pull-request head or merge ref (0.317017ms)
✔ never downloads pull-request artifacts into the privileged job (0.309887ms)
✔ executes no pull-request-controlled package or script surface (0.92773ms)
✔ allows only trusted semantic verification of the Aegis manifest timestamp (0.187754ms)
✔ proves a unique regular manifest blob before semantic allowance (0.262056ms)
✔ binds timestamp evaluation to trusted CLI runner time with five-minute skew (0.205954ms)
✔ fails closed unless the privileged trigger and API identifiers are valid (0.276216ms)
✔ directly inspects check runs and excludes its own check (0.168874ms)
✔ fails closed for forks, incomplete file inventories, and stale heads (0.243936ms)
✔ includes rename provenance in both initial and final inventories (0.101292ms)
✔ uses squash merge and deletes only the merged pull-request branch (0.237715ms)
✔ does not require or add an auto-merge label (0.141433ms)
✔ dispatches exact-commit CI only after a verified squash merge (0.294421ms)
✔ runs repository-dispatched CI from trusted main before exact commit checkout (0.197594ms)
✔ keeps the pinned Gitleaks action for push and pull-request events (0.092852ms)
✔ uses a checksum-pinned official Gitleaks CLI for repository dispatch (0.148104ms)
✔ binds the dispatch CLI scan to the trusted exact commit and full history (0.092132ms)
✔ fails closed unless the event-specific Gitleaks path completes (0.059792ms)
▶ executes the event-path outcome contract and denies skipped scanners
  ✔ allows push expected outcomes (2.845924ms)
  ✔ allows pull_request expected outcomes (1.860573ms)
  ✔ allows repository_dispatch expected outcomes (1.736148ms)
  ✔ denies push scanner skipped (1.81176ms)
  ✔ denies pull-request scanner failed (1.714998ms)
  ✔ denies dispatch installer skipped (1.686498ms)
  ✔ denies dispatch scanner skipped (1.650563ms)
  ✔ denies dispatch action unexpectedly ran (1.552865ms)
  ✔ denies unknown event (1.665748ms)
✔ executes the event-path outcome contract and denies skipped scanners (17.332906ms)
✔ allows standard CI events and the verified post-merge dispatch (0.328898ms)
✔ fails closed for malformed and unsupported CI context (0.122853ms)
▶ denies adversarial post-merge dispatch evidence
  ✔ wrong dispatch action (0.185934ms)
  ✔ missing payload (0.124373ms)
  ✔ malformed merge sha (0.076942ms)
  ✔ extra payload field (0.085972ms)
  ✔ invalid pull request number (0.086462ms)
  ✔ unmerged pull request (0.040241ms)
  ✔ different merge commit (0.085632ms)
  ✔ moved reviewed head (0.127283ms)
  ✔ fork repository (0.085112ms)
  ✔ wrong base branch (0.041541ms)
  ✔ wrong base repository (0.029861ms)
  ✔ merge absent from event main (0.023231ms)
✔ denies adversarial post-merge dispatch evidence (1.638737ms)
ℹ tests 46
ℹ suites 0
ℹ pass 46
ℹ fail 0
ℹ cancelled 0
ℹ skipped 0
ℹ todo 0
ℹ duration_ms 36.317874
