$ node tests/ci/auto-merge-policy.test.mjs && node tests/ci/auto-merge-workflow.test.mjs
✔ allows a documentation-only pull request without an opt-in label (1.854106ms)
✔ allows cataloged domain-skill paths while protecting the control skill (0.303184ms)
✔ allows PR #19 exact verification-only manifest timestamp delta (1.920022ms)
✔ allows only unique regular 100644 blobs for base and head (0.194322ms)
✔ denies manifest object fixture: regular file becomes symlink (0.810267ms)
✔ denies manifest object fixture: executable bit is added (0.949807ms)
✔ denies manifest object fixture: manifest blob is missing (0.451349ms)
✔ denies manifest object fixture: manifest object has wrong type (0.496913ms)
✔ denies manifest object fixture: manifest entry is ambiguous (0.776149ms)
✔ denies manifest object fixture: aegis tree entry is missing (0.423215ms)
✔ denies manifest object fixture: root tree response is truncated (0.382866ms)
✔ denies manifest object fixture: manifest tree response is truncated (0.41339ms)
✔ denies manifest object fixture: manifest entry is a submodule (0.579468ms)
✔ denies manifest object fixture: head revision evidence is missing (0.343099ms)
✔ denies manifest object fixture: head revision evidence is duplicated (0.26478ms)
✔ denies manifest object fixture: manifest path is unexpected (0.355221ms)
✔ denies manifest object fixture: head object evidence has malformed shape (0.527594ms)
✔ denies PR #19 manifest fixture: malformed base JSON (0.217152ms)
✔ denies PR #19 manifest fixture: malformed head JSON (0.097081ms)
✔ denies PR #19 manifest fixture: missing base content (0.078843ms)
✔ denies PR #19 manifest fixture: missing head content (0.073234ms)
✔ denies PR #19 manifest fixture: invalid calendar timestamp (0.188071ms)
✔ denies PR #19 manifest fixture: timestamp plus runtime source change (0.373099ms)
✔ denies PR #19 manifest fixture: managed asset checksum change (0.508664ms)
✔ denies PR #19 manifest fixture: enforcement field addition (0.57849ms)
✔ denies PR #19 manifest fixture: authority field addition (0.316515ms)
✔ denies PR #19 manifest fixture: verification report-list change (0.329787ms)
✔ denies PR #19 manifest fixture: verification status change (0.440575ms)
✔ denies PR #19 manifest fixture: field deletion (0.650627ms)
✔ denies PR #19 manifest fixture: timestamp deletion (0.150694ms)
✔ denies PR #19 manifest fixture: extra nested field (0.325136ms)
✔ allows current time and the exact five-minute skew boundary (0.602359ms)
✔ denies timestamp beyond the five-minute boundary (0.127951ms)
✔ denies year-9999 timestamp (0.15758ms)
✔ denies already-future base timestamp (0.40988ms)
✔ denies equal timestamp (0.141134ms)
✔ fails closed without a valid trusted evaluation time (0.183685ms)
✔ denies foundation-manifest changes without trusted semantic evidence (0.101406ms)
✔ denies any additional foundation-manifest semantic change (0.427876ms)
✔ denies stale timestamps and non-modified foundation-manifest paths (0.495214ms)
✔ keeps every other Aegis path denied beside a verified timestamp change (0.648505ms)
✔ denies workflow-permissions path .github/workflows/release.yml (0.18097ms)
✔ denies ci-governance path scripts/ci/auto-merge-policy.mjs (0.222475ms)
✔ denies ci-governance path config/ci/verification-capabilities.json (0.045277ms)
✔ denies ci-governance path packages/web/tsconfig.json (0.03245ms)
✔ denies secret-material path config/secrets/production.json (0.018101ms)
✔ denies production-deployment path infra/production/main.tf (0.017439ms)
✔ denies migration path database/migrations/0001_drop_table.sql (0.083691ms)
✔ denies destructive-operation path scripts/ops/destroy-preview.sh (0.027729ms)
✔ denies branch-protection path config/branch-protection.json (0.017113ms)
✔ denies aegis-retirement path .aegis/contract.md (0.019286ms)
✔ denies aegis-retirement path docs/ai/AEGIS_AUTONOMY_GRANT.md (0.016037ms)
✔ denies changes to workflow and CI enforcement surfaces (0.085043ms)
✔ deny labels override otherwise safe paths (0.048921ms)
✔ fails closed when the file list is empty or malformed (0.038187ms)
✔ fails closed unless the caller proves the file inventory is complete (0.044556ms)
✔ requires real applicable test capabilities for behavior-changing paths (0.131466ms)
✔ fails closed when a test file is removed (0.146368ms)
✔ classifies both sides of a rename and denies missing rename provenance (0.119192ms)
✔ allows dependency-only manifest changes only when scripts remain trusted (0.334537ms)
✔ allows only when every exact required check is green from GitHub Actions (0.203525ms)
✔ defers when a required check is missing or pending (0.096272ms)
✔ denies failed checks and checks from an unexpected app (0.155038ms)
✔ uses the newest duplicate check run instead of a stale success (0.189206ms)
✔ flattens paginated check-run responses (0.093378ms)
ℹ tests 65
ℹ suites 0
ℹ pass 65
ℹ fail 0
ℹ cancelled 0
ℹ skipped 0
ℹ todo 0
ℹ duration_ms 28.327201
✔ handles CI completion and pull-request eligibility state changes (0.814296ms)
✔ grants write access only to contents and pull requests in the merge job (0.158988ms)
✔ executes trusted default-branch policy instead of pull-request code (0.090811ms)
✔ never checks out or fetches a pull-request head or merge ref (0.249079ms)
✔ never downloads pull-request artifacts into the privileged job (0.226366ms)
✔ executes no pull-request-controlled package or script surface (0.798517ms)
✔ allows only trusted semantic verification of the Aegis manifest timestamp (0.167036ms)
✔ proves a unique regular manifest blob before semantic allowance (0.227008ms)
✔ binds timestamp evaluation to trusted CLI runner time with five-minute skew (0.18252ms)
✔ fails closed unless the privileged trigger and API identifiers are valid (0.212234ms)
✔ directly inspects check runs and excludes its own check (0.145923ms)
✔ fails closed for forks, incomplete file inventories, and stale heads (0.137579ms)
✔ includes rename provenance in both initial and final inventories (0.084935ms)
✔ uses squash merge and deletes only the merged pull-request branch (0.179647ms)
✔ does not require or add an auto-merge label (0.147563ms)
✔ dispatches exact-commit CI only after a verified squash merge (0.213114ms)
✔ runs repository-dispatched CI from trusted main before exact commit checkout (0.17464ms)
✔ keeps the pinned Gitleaks action for push and pull-request events (0.093042ms)
✔ uses a checksum-pinned official Gitleaks CLI for repository dispatch (0.146309ms)
✔ binds the dispatch CLI scan to the trusted exact commit and full history (0.080452ms)
✔ fails closed unless the event-specific Gitleaks path completes (0.057937ms)
▶ executes the event-path outcome contract and denies skipped scanners
  ✔ allows push expected outcomes (2.477966ms)
  ✔ allows pull_request expected outcomes (1.763853ms)
  ✔ allows repository_dispatch expected outcomes (1.688022ms)
  ✔ denies push scanner skipped (1.58892ms)
  ✔ denies pull-request scanner failed (1.592347ms)
  ✔ denies dispatch installer skipped (1.482196ms)
  ✔ denies dispatch scanner skipped (1.614018ms)
  ✔ denies dispatch action unexpectedly ran (1.581923ms)
  ✔ denies unknown event (1.540746ms)
✔ executes the event-path outcome contract and denies skipped scanners (15.994077ms)
✔ allows standard CI events and the verified post-merge dispatch (0.295521ms)
✔ fails closed for malformed and unsupported CI context (0.122648ms)
▶ denies adversarial post-merge dispatch evidence
  ✔ wrong dispatch action (0.165279ms)
  ✔ missing payload (0.099738ms)
  ✔ malformed merge sha (0.071545ms)
  ✔ extra payload field (0.125107ms)
  ✔ invalid pull request number (0.050046ms)
  ✔ unmerged pull request (0.032114ms)
  ✔ different merge commit (0.11149ms)
  ✔ moved reviewed head (0.126075ms)
  ✔ fork repository (0.092815ms)
  ✔ wrong base branch (0.041366ms)
  ✔ wrong base repository (0.029704ms)
  ✔ merge absent from event main (0.02216ms)
✔ denies adversarial post-merge dispatch evidence (1.62654ms)
ℹ tests 46
ℹ suites 0
ℹ pass 46
ℹ fail 0
ℹ cancelled 0
ℹ skipped 0
ℹ todo 0
ℹ duration_ms 32.526363
