$ node tests/ci/auto-merge-policy.test.mjs && node tests/ci/auto-merge-workflow.test.mjs
✔ allows a documentation-only pull request without an opt-in label (1.802497ms)
✔ allows cataloged domain-skill paths while protecting the control skill (0.325772ms)
✔ allows PR #19 exact verification-only manifest timestamp delta (1.590557ms)
✔ allows only unique regular 100644 blobs for base and head (0.178259ms)
✔ denies manifest object fixture: regular file becomes symlink (0.731881ms)
✔ denies manifest object fixture: executable bit is added (0.914773ms)
✔ denies manifest object fixture: manifest blob is missing (0.430781ms)
✔ denies manifest object fixture: manifest object has wrong type (0.473059ms)
✔ denies manifest object fixture: manifest entry is ambiguous (0.861728ms)
✔ denies manifest object fixture: aegis tree entry is missing (0.458966ms)
✔ denies manifest object fixture: root tree response is truncated (0.370141ms)
✔ denies manifest object fixture: manifest tree response is truncated (0.275496ms)
✔ denies manifest object fixture: manifest entry is a submodule (0.551541ms)
✔ denies manifest object fixture: head revision evidence is missing (0.317312ms)
✔ denies manifest object fixture: head revision evidence is duplicated (0.24839ms)
✔ denies manifest object fixture: manifest path is unexpected (0.338344ms)
✔ denies manifest object fixture: head object evidence has malformed shape (3.555209ms)
✔ denies PR #19 manifest fixture: malformed base JSON (0.239449ms)
✔ denies PR #19 manifest fixture: malformed head JSON (0.092898ms)
✔ denies PR #19 manifest fixture: missing base content (0.077ms)
✔ denies PR #19 manifest fixture: missing head content (0.070425ms)
✔ denies PR #19 manifest fixture: invalid calendar timestamp (0.162557ms)
✔ denies PR #19 manifest fixture: timestamp plus runtime source change (0.308245ms)
✔ denies PR #19 manifest fixture: managed asset checksum change (0.451125ms)
✔ denies PR #19 manifest fixture: enforcement field addition (0.685614ms)
✔ denies PR #19 manifest fixture: authority field addition (0.30899ms)
✔ denies PR #19 manifest fixture: verification report-list change (0.313279ms)
✔ denies PR #19 manifest fixture: verification status change (0.421948ms)
✔ denies PR #19 manifest fixture: field deletion (0.565721ms)
✔ denies PR #19 manifest fixture: timestamp deletion (0.122487ms)
✔ denies PR #19 manifest fixture: extra nested field (0.32903ms)
✔ allows current time and the exact five-minute skew boundary (0.566792ms)
✔ denies timestamp beyond the five-minute boundary (0.123636ms)
✔ denies year-9999 timestamp (0.076784ms)
✔ denies already-future base timestamp (0.323152ms)
✔ denies equal timestamp (0.11863ms)
✔ fails closed without a valid trusted evaluation time (0.166316ms)
✔ denies foundation-manifest changes without trusted semantic evidence (0.090131ms)
✔ denies any additional foundation-manifest semantic change (0.543337ms)
✔ denies stale timestamps and non-modified foundation-manifest paths (0.369228ms)
✔ keeps every other Aegis path denied beside a verified timestamp change (0.487338ms)
✔ denies workflow-permissions path .github/workflows/release.yml (0.219998ms)
✔ denies ci-governance path scripts/ci/auto-merge-policy.mjs (0.293661ms)
✔ denies ci-governance path config/ci/verification-capabilities.json (0.034339ms)
✔ denies ci-governance path packages/web/tsconfig.json (0.031345ms)
✔ denies secret-material path config/secrets/production.json (0.017635ms)
✔ denies production-deployment path infra/production/main.tf (0.015967ms)
✔ denies migration path database/migrations/0001_drop_table.sql (0.143096ms)
✔ denies destructive-operation path scripts/ops/destroy-preview.sh (0.053839ms)
✔ denies branch-protection path config/branch-protection.json (0.022621ms)
✔ denies aegis-retirement path .aegis/contract.md (0.021649ms)
✔ denies aegis-retirement path docs/ai/AEGIS_AUTONOMY_GRANT.md (0.015486ms)
✔ denies changes to workflow and CI enforcement surfaces (0.089385ms)
✔ deny labels override otherwise safe paths (0.045801ms)
✔ fails closed when the file list is empty or malformed (0.03689ms)
✔ fails closed unless the caller proves the file inventory is complete (0.048863ms)
✔ requires real applicable test capabilities for behavior-changing paths (0.127385ms)
✔ fails closed when a test file is removed (0.143763ms)
✔ classifies both sides of a rename and denies missing rename provenance (0.115823ms)
✔ allows dependency-only manifest changes only when scripts remain trusted (0.159555ms)
✔ allows only when every exact required check is green from GitHub Actions (0.27968ms)
✔ defers when a required check is missing or pending (0.106324ms)
✔ denies failed checks and checks from an unexpected app (0.156168ms)
✔ uses the newest duplicate check run instead of a stale success (0.184639ms)
✔ flattens paginated check-run responses (0.165668ms)
ℹ tests 65
ℹ suites 0
ℹ pass 65
ℹ fail 0
ℹ cancelled 0
ℹ skipped 0
ℹ todo 0
ℹ duration_ms 29.862176
✔ handles CI completion and pull-request eligibility state changes (0.852738ms)
✔ grants write access only to contents and pull requests in the merge job (0.224198ms)
✔ executes trusted default-branch policy instead of pull-request code (0.103743ms)
✔ never checks out or fetches a pull-request head or merge ref (0.246829ms)
✔ never downloads pull-request artifacts into the privileged job (0.252766ms)
✔ executes no pull-request-controlled package or script surface (0.75618ms)
✔ allows only trusted semantic verification of the Aegis manifest timestamp (0.153892ms)
✔ proves a unique regular manifest blob before semantic allowance (0.182127ms)
✔ binds timestamp evaluation to trusted CLI runner time with five-minute skew (0.174138ms)
✔ fails closed unless the privileged trigger and API identifiers are valid (0.209016ms)
✔ directly inspects check runs and excludes its own check (0.14502ms)
✔ fails closed for forks, incomplete file inventories, and stale heads (0.176699ms)
✔ includes rename provenance in both initial and final inventories (0.097492ms)
✔ uses squash merge and deletes only the merged pull-request branch (0.201754ms)
✔ does not require or add an auto-merge label (0.125931ms)
✔ dispatches exact-commit CI only after a verified squash merge (0.218811ms)
✔ runs repository-dispatched CI from trusted main before exact commit checkout (0.213747ms)
✔ keeps the pinned Gitleaks action for push and pull-request events (0.103773ms)
✔ uses a checksum-pinned official Gitleaks CLI for repository dispatch (0.153205ms)
✔ binds the dispatch CLI scan to the trusted exact commit and full history (0.112594ms)
✔ fails closed unless the event-specific Gitleaks path completes (0.141712ms)
▶ executes the event-path outcome contract and denies skipped scanners
  ✔ allows push expected outcomes (2.407672ms)
  ✔ allows pull_request expected outcomes (1.808828ms)
  ✔ allows repository_dispatch expected outcomes (1.547135ms)
  ✔ denies push scanner skipped (1.69293ms)
  ✔ denies pull-request scanner failed (1.50706ms)
  ✔ denies dispatch installer skipped (1.477324ms)
  ✔ denies dispatch scanner skipped (1.548986ms)
  ✔ denies dispatch action unexpectedly ran (1.440817ms)
  ✔ denies unknown event (1.662312ms)
✔ executes the event-path outcome contract and denies skipped scanners (15.746815ms)
✔ allows standard CI events and the verified post-merge dispatch (0.311366ms)
✔ fails closed for malformed and unsupported CI context (0.118572ms)
▶ denies adversarial post-merge dispatch evidence
  ✔ wrong dispatch action (0.168308ms)
  ✔ missing payload (0.121997ms)
  ✔ malformed merge sha (0.07382ms)
  ✔ extra payload field (0.085057ms)
  ✔ invalid pull request number (0.04168ms)
  ✔ unmerged pull request (0.033181ms)
  ✔ different merge commit (0.119204ms)
  ✔ moved reviewed head (0.160231ms)
  ✔ fork repository (0.080965ms)
  ✔ wrong base branch (0.040591ms)
  ✔ wrong base repository (0.029462ms)
  ✔ merge absent from event main (0.022268ms)
✔ denies adversarial post-merge dispatch evidence (1.532335ms)
ℹ tests 46
ℹ suites 0
ℹ pass 46
ℹ fail 0
ℹ cancelled 0
ℹ skipped 0
ℹ todo 0
ℹ duration_ms 32.352157
