$ node tests/ci/auto-merge-policy.test.mjs && node tests/ci/auto-merge-workflow.test.mjs
✔ allows a documentation-only pull request without an opt-in label (1.886761ms)
✔ allows cataloged domain-skill paths while protecting the control skill (0.28717ms)
✔ allows PR #19 exact verification-only manifest timestamp delta (1.651385ms)
✔ allows only unique regular 100644 blobs for base and head (0.179076ms)
✔ denies manifest object fixture: regular file becomes symlink (0.728222ms)
✔ denies manifest object fixture: executable bit is added (1.0293ms)
✔ denies manifest object fixture: manifest blob is missing (0.433816ms)
✔ denies manifest object fixture: manifest object has wrong type (0.475494ms)
✔ denies manifest object fixture: manifest entry is ambiguous (0.829843ms)
✔ denies manifest object fixture: aegis tree entry is missing (0.438736ms)
✔ denies manifest object fixture: root tree response is truncated (0.375495ms)
✔ denies manifest object fixture: manifest tree response is truncated (0.285484ms)
✔ denies manifest object fixture: manifest entry is a submodule (0.533273ms)
✔ denies manifest object fixture: head revision evidence is missing (0.32651ms)
✔ denies manifest object fixture: head revision evidence is duplicated (0.247178ms)
✔ denies manifest object fixture: manifest path is unexpected (0.239093ms)
✔ denies manifest object fixture: head object evidence has malformed shape (0.531696ms)
✔ denies PR #19 manifest fixture: malformed base JSON (0.223978ms)
✔ denies PR #19 manifest fixture: malformed head JSON (0.093709ms)
✔ denies PR #19 manifest fixture: missing base content (0.077124ms)
✔ denies PR #19 manifest fixture: missing head content (0.080022ms)
✔ denies PR #19 manifest fixture: invalid calendar timestamp (0.175802ms)
✔ denies PR #19 manifest fixture: timestamp plus runtime source change (0.2709ms)
✔ denies PR #19 manifest fixture: managed asset checksum change (0.442552ms)
✔ denies PR #19 manifest fixture: enforcement field addition (0.629298ms)
✔ denies PR #19 manifest fixture: authority field addition (0.296349ms)
✔ denies PR #19 manifest fixture: verification report-list change (0.310952ms)
✔ denies PR #19 manifest fixture: verification status change (0.42928ms)
✔ denies PR #19 manifest fixture: field deletion (0.660417ms)
✔ denies PR #19 manifest fixture: timestamp deletion (0.116298ms)
✔ denies PR #19 manifest fixture: extra nested field (0.306515ms)
✔ allows current time and the exact five-minute skew boundary (0.661166ms)
✔ denies timestamp beyond the five-minute boundary (0.12458ms)
✔ denies year-9999 timestamp (0.075636ms)
✔ denies already-future base timestamp (0.346783ms)
✔ denies equal timestamp (0.126552ms)
✔ fails closed without a valid trusted evaluation time (0.176463ms)
✔ denies foundation-manifest changes without trusted semantic evidence (0.098461ms)
✔ denies any additional foundation-manifest semantic change (0.625246ms)
✔ denies stale timestamps and non-modified foundation-manifest paths (0.4187ms)
✔ keeps every other Aegis path denied beside a verified timestamp change (0.511187ms)
✔ denies workflow-permissions path .github/workflows/release.yml (0.138906ms)
✔ denies ci-governance path scripts/ci/auto-merge-policy.mjs (0.217696ms)
✔ denies ci-governance path config/ci/verification-capabilities.json (0.043127ms)
✔ denies ci-governance path packages/web/tsconfig.json (0.031571ms)
✔ denies secret-material path config/secrets/production.json (0.017038ms)
✔ denies production-deployment path infra/production/main.tf (0.016023ms)
✔ denies migration path database/migrations/0001_drop_table.sql (0.080329ms)
✔ denies destructive-operation path scripts/ops/destroy-preview.sh (0.024876ms)
✔ denies branch-protection path config/branch-protection.json (0.017028ms)
✔ denies aegis-retirement path .aegis/contract.md (0.019197ms)
✔ denies aegis-retirement path docs/ai/AEGIS_AUTONOMY_GRANT.md (0.015431ms)
✔ denies changes to workflow and CI enforcement surfaces (0.08096ms)
✔ deny labels override otherwise safe paths (0.044557ms)
✔ fails closed when the file list is empty or malformed (0.065194ms)
✔ fails closed unless the caller proves the file inventory is complete (0.199565ms)
✔ requires real applicable test capabilities for behavior-changing paths (0.152375ms)
✔ fails closed when a test file is removed (0.143717ms)
✔ classifies both sides of a rename and denies missing rename provenance (0.116011ms)
✔ allows dependency-only manifest changes only when scripts remain trusted (0.199515ms)
✔ allows only when every exact required check is green from GitHub Actions (0.213595ms)
✔ defers when a required check is missing or pending (0.090918ms)
✔ denies failed checks and checks from an unexpected app (0.15199ms)
✔ uses the newest duplicate check run instead of a stale success (0.17173ms)
✔ flattens paginated check-run responses (0.189439ms)
ℹ tests 65
ℹ suites 0
ℹ pass 65
ℹ fail 0
ℹ cancelled 0
ℹ skipped 0
ℹ todo 0
ℹ duration_ms 27.288454
✔ handles CI completion and pull-request eligibility state changes (0.788417ms)
✔ grants write access only to contents and pull requests in the merge job (0.150916ms)
✔ executes trusted default-branch policy instead of pull-request code (0.088611ms)
✔ never checks out or fetches a pull-request head or merge ref (0.247385ms)
✔ never downloads pull-request artifacts into the privileged job (0.251654ms)
✔ executes no pull-request-controlled package or script surface (0.742589ms)
✔ allows only trusted semantic verification of the Aegis manifest timestamp (0.152266ms)
✔ proves a unique regular manifest blob before semantic allowance (0.178425ms)
✔ binds timestamp evaluation to trusted CLI runner time with five-minute skew (0.173811ms)
✔ fails closed unless the privileged trigger and API identifiers are valid (0.207719ms)
✔ directly inspects check runs and excludes its own check (0.143777ms)
✔ fails closed for forks, incomplete file inventories, and stale heads (0.14707ms)
✔ includes rename provenance in both initial and final inventories (0.102868ms)
✔ uses squash merge and deletes only the merged pull-request branch (0.223919ms)
✔ does not require or add an auto-merge label (0.134036ms)
✔ dispatches exact-commit CI only after a verified squash merge (0.210479ms)
✔ runs repository-dispatched CI from trusted main before exact commit checkout (0.167658ms)
✔ keeps the pinned Gitleaks action for push and pull-request events (0.128573ms)
✔ uses a checksum-pinned official Gitleaks CLI for repository dispatch (0.138177ms)
✔ binds the dispatch CLI scan to the trusted exact commit and full history (0.084539ms)
✔ fails closed unless the event-specific Gitleaks path completes (0.057917ms)
▶ executes the event-path outcome contract and denies skipped scanners
  ✔ allows push expected outcomes (2.343107ms)
  ✔ allows pull_request expected outcomes (1.582988ms)
  ✔ allows repository_dispatch expected outcomes (1.549795ms)
  ✔ denies push scanner skipped (1.703338ms)
  ✔ denies pull-request scanner failed (1.541955ms)
  ✔ denies dispatch installer skipped (1.54551ms)
  ✔ denies dispatch scanner skipped (1.800231ms)
  ✔ denies dispatch action unexpectedly ran (1.542424ms)
  ✔ denies unknown event (1.669843ms)
✔ executes the event-path outcome contract and denies skipped scanners (15.963978ms)
✔ allows standard CI events and the verified post-merge dispatch (0.318574ms)
✔ fails closed for malformed and unsupported CI context (0.128347ms)
▶ denies adversarial post-merge dispatch evidence
  ✔ wrong dispatch action (0.154771ms)
  ✔ missing payload (0.122737ms)
  ✔ malformed merge sha (0.070458ms)
  ✔ extra payload field (0.085446ms)
  ✔ invalid pull request number (0.04088ms)
  ✔ unmerged pull request (0.029372ms)
  ✔ different merge commit (0.097711ms)
  ✔ moved reviewed head (0.127025ms)
  ✔ fork repository (0.08308ms)
  ✔ wrong base branch (0.039735ms)
  ✔ wrong base repository (0.029954ms)
  ✔ merge absent from event main (0.021218ms)
✔ denies adversarial post-merge dispatch evidence (1.488845ms)
ℹ tests 46
ℹ suites 0
ℹ pass 46
ℹ fail 0
ℹ cancelled 0
ℹ skipped 0
ℹ todo 0
ℹ duration_ms 29.173643
