$ node tests/ci/auto-merge-policy.test.mjs && node tests/ci/auto-merge-workflow.test.mjs
✔ allows a documentation-only pull request without an opt-in label (1.706712ms)
✔ allows cataloged domain-skill paths while protecting the control skill (0.29058ms)
✔ allows PR #19 exact verification-only manifest timestamp delta (1.709041ms)
✔ allows only unique regular 100644 blobs for base and head (0.215223ms)
✔ denies manifest object fixture: regular file becomes symlink (0.703536ms)
✔ denies manifest object fixture: executable bit is added (0.894732ms)
✔ denies manifest object fixture: manifest blob is missing (0.385093ms)
✔ denies manifest object fixture: manifest object has wrong type (0.462946ms)
✔ denies manifest object fixture: manifest entry is ambiguous (0.752399ms)
✔ denies manifest object fixture: aegis tree entry is missing (0.407573ms)
✔ denies manifest object fixture: root tree response is truncated (0.348215ms)
✔ denies manifest object fixture: manifest tree response is truncated (0.335727ms)
✔ denies manifest object fixture: manifest entry is a submodule (0.491442ms)
✔ denies manifest object fixture: head revision evidence is missing (0.305425ms)
✔ denies manifest object fixture: head revision evidence is duplicated (0.259532ms)
✔ denies manifest object fixture: manifest path is unexpected (0.231464ms)
✔ denies manifest object fixture: head object evidence has malformed shape (0.470554ms)
✔ denies PR #19 manifest fixture: malformed base JSON (0.224973ms)
✔ denies PR #19 manifest fixture: malformed head JSON (0.138711ms)
✔ denies PR #19 manifest fixture: missing base content (0.105372ms)
✔ denies PR #19 manifest fixture: missing head content (0.076679ms)
✔ denies PR #19 manifest fixture: invalid calendar timestamp (0.154542ms)
✔ denies PR #19 manifest fixture: timestamp plus runtime source change (0.261087ms)
✔ denies PR #19 manifest fixture: managed asset checksum change (0.408402ms)
✔ denies PR #19 manifest fixture: enforcement field addition (0.489421ms)
✔ denies PR #19 manifest fixture: authority field addition (0.559512ms)
✔ denies PR #19 manifest fixture: verification report-list change (0.507557ms)
✔ denies PR #19 manifest fixture: verification status change (0.405282ms)
✔ denies PR #19 manifest fixture: field deletion (0.661946ms)
✔ denies PR #19 manifest fixture: timestamp deletion (0.116454ms)
✔ denies PR #19 manifest fixture: extra nested field (0.292638ms)
✔ allows current time and the exact five-minute skew boundary (0.546861ms)
✔ denies timestamp beyond the five-minute boundary (0.11745ms)
✔ denies year-9999 timestamp (0.069649ms)
✔ denies already-future base timestamp (0.065886ms)
✔ denies equal timestamp (0.291465ms)
✔ fails closed without a valid trusted evaluation time (0.245442ms)
✔ denies foundation-manifest changes without trusted semantic evidence (0.096831ms)
✔ denies any additional foundation-manifest semantic change (0.484858ms)
✔ denies stale timestamps and non-modified foundation-manifest paths (0.424289ms)
✔ keeps every other Aegis path denied beside a verified timestamp change (0.430184ms)
✔ denies workflow-permissions path .github/workflows/release.yml (0.146002ms)
✔ denies ci-governance path scripts/ci/auto-merge-policy.mjs (0.273547ms)
✔ denies ci-governance path config/ci/verification-capabilities.json (0.044756ms)
✔ denies ci-governance path packages/web/tsconfig.json (0.03563ms)
✔ denies secret-material path config/secrets/production.json (0.018355ms)
✔ denies production-deployment path infra/production/main.tf (0.015859ms)
✔ denies migration path database/migrations/0001_drop_table.sql (0.075609ms)
✔ denies destructive-operation path scripts/ops/destroy-preview.sh (0.018942ms)
✔ denies branch-protection path config/branch-protection.json (0.022574ms)
✔ denies aegis-retirement path .aegis/contract.md (0.021698ms)
✔ denies aegis-retirement path docs/ai/AEGIS_AUTONOMY_GRANT.md (0.015626ms)
✔ denies changes to workflow and CI enforcement surfaces (0.084567ms)
✔ deny labels override otherwise safe paths (0.044532ms)
✔ fails closed when the file list is empty or malformed (0.035397ms)
✔ fails closed unless the caller proves the file inventory is complete (0.046041ms)
✔ requires real applicable test capabilities for behavior-changing paths (0.125226ms)
✔ fails closed when a test file is removed (0.135926ms)
✔ classifies both sides of a rename and denies missing rename provenance (0.109106ms)
✔ allows dependency-only manifest changes only when scripts remain trusted (0.200481ms)
✔ allows only when every exact required check is green from GitHub Actions (0.204122ms)
✔ defers when a required check is missing or pending (0.087939ms)
✔ denies failed checks and checks from an unexpected app (0.14455ms)
✔ uses the newest duplicate check run instead of a stale success (0.176324ms)
✔ flattens paginated check-run responses (0.09199ms)
ℹ tests 65
ℹ suites 0
ℹ pass 65
ℹ fail 0
ℹ cancelled 0
ℹ skipped 0
ℹ todo 0
ℹ duration_ms 26.249397
✔ handles CI completion and pull-request eligibility state changes (0.79506ms)
✔ grants write access only to contents and pull requests in the merge job (0.147297ms)
✔ executes trusted default-branch policy instead of pull-request code (0.08467ms)
✔ never checks out or fetches a pull-request head or merge ref (0.320548ms)
✔ never downloads pull-request artifacts into the privileged job (0.279116ms)
✔ executes no pull-request-controlled package or script surface (0.747901ms)
✔ allows only trusted semantic verification of the Aegis manifest timestamp (0.149578ms)
✔ proves a unique regular manifest blob before semantic allowance (0.174229ms)
✔ binds timestamp evaluation to trusted CLI runner time with five-minute skew (0.137062ms)
✔ fails closed unless the privileged trigger and API identifiers are valid (0.188952ms)
✔ directly inspects check runs and excludes its own check (0.136141ms)
✔ fails closed for forks, incomplete file inventories, and stale heads (0.13153ms)
✔ includes rename provenance in both initial and final inventories (0.076941ms)
✔ uses squash merge and deletes only the merged pull-request branch (0.18573ms)
✔ does not require or add an auto-merge label (0.118549ms)
✔ dispatches exact-commit CI only after a verified squash merge (0.149383ms)
✔ runs repository-dispatched CI from trusted main before exact commit checkout (0.195089ms)
✔ keeps the pinned Gitleaks action for push and pull-request events (0.091645ms)
✔ uses a checksum-pinned official Gitleaks CLI for repository dispatch (0.126548ms)
✔ binds the dispatch CLI scan to the trusted exact commit and full history (0.068233ms)
✔ fails closed unless the event-specific Gitleaks path completes (0.127489ms)
▶ executes the event-path outcome contract and denies skipped scanners
  ✔ allows push expected outcomes (2.318642ms)
  ✔ allows pull_request expected outcomes (1.54237ms)
  ✔ allows repository_dispatch expected outcomes (1.461984ms)
  ✔ denies push scanner skipped (1.519167ms)
  ✔ denies pull-request scanner failed (1.531679ms)
  ✔ denies dispatch installer skipped (1.466337ms)
  ✔ denies dispatch scanner skipped (1.409227ms)
  ✔ denies dispatch action unexpectedly ran (1.452316ms)
  ✔ denies unknown event (1.446921ms)
✔ executes the event-path outcome contract and denies skipped scanners (14.74325ms)
✔ allows standard CI events and the verified post-merge dispatch (0.287023ms)
✔ fails closed for malformed and unsupported CI context (0.055605ms)
▶ denies adversarial post-merge dispatch evidence
  ✔ wrong dispatch action (0.123941ms)
  ✔ missing payload (0.116221ms)
  ✔ malformed merge sha (0.080153ms)
  ✔ extra payload field (0.080609ms)
  ✔ invalid pull request number (0.114917ms)
  ✔ unmerged pull request (0.058027ms)
  ✔ different merge commit (0.081708ms)
  ✔ moved reviewed head (0.119983ms)
  ✔ fork repository (0.079799ms)
  ✔ wrong base branch (0.046386ms)
  ✔ wrong base repository (0.027631ms)
  ✔ merge absent from event main (0.021046ms)
✔ denies adversarial post-merge dispatch evidence (1.498177ms)
ℹ tests 46
ℹ suites 0
ℹ pass 46
ℹ fail 0
ℹ cancelled 0
ℹ skipped 0
ℹ todo 0
ℹ duration_ms 27.271097
