$ node tests/ci/auto-merge-policy.test.mjs && node tests/ci/auto-merge-workflow.test.mjs
✔ allows a documentation-only pull request without an opt-in label (1.837395ms)
✔ allows cataloged domain-skill paths while protecting the control skill (0.307491ms)
✔ allows PR #19 exact verification-only manifest timestamp delta (1.654539ms)
✔ allows only unique regular 100644 blobs for base and head (0.185756ms)
✔ denies manifest object fixture: regular file becomes symlink (0.774543ms)
✔ denies manifest object fixture: executable bit is added (1.00722ms)
✔ denies manifest object fixture: manifest blob is missing (0.433795ms)
✔ denies manifest object fixture: manifest object has wrong type (0.481546ms)
✔ denies manifest object fixture: manifest entry is ambiguous (0.805361ms)
✔ denies manifest object fixture: aegis tree entry is missing (0.447076ms)
✔ denies manifest object fixture: root tree response is truncated (0.427596ms)
✔ denies manifest object fixture: manifest tree response is truncated (0.295501ms)
✔ denies manifest object fixture: manifest entry is a submodule (0.616382ms)
✔ denies manifest object fixture: head revision evidence is missing (0.327695ms)
✔ denies manifest object fixture: head revision evidence is duplicated (0.340013ms)
✔ denies manifest object fixture: manifest path is unexpected (0.273131ms)
✔ denies manifest object fixture: head object evidence has malformed shape (0.550861ms)
✔ denies PR #19 manifest fixture: malformed base JSON (0.215199ms)
✔ denies PR #19 manifest fixture: malformed head JSON (0.093116ms)
✔ denies PR #19 manifest fixture: missing base content (0.078792ms)
✔ denies PR #19 manifest fixture: missing head content (0.07315ms)
✔ denies PR #19 manifest fixture: invalid calendar timestamp (0.167101ms)
✔ denies PR #19 manifest fixture: timestamp plus runtime source change (0.265721ms)
✔ denies PR #19 manifest fixture: managed asset checksum change (0.438156ms)
✔ denies PR #19 manifest fixture: enforcement field addition (0.605286ms)
✔ denies PR #19 manifest fixture: authority field addition (0.375098ms)
✔ denies PR #19 manifest fixture: verification report-list change (0.32695ms)
✔ denies PR #19 manifest fixture: verification status change (0.450751ms)
✔ denies PR #19 manifest fixture: field deletion (0.611197ms)
✔ denies PR #19 manifest fixture: timestamp deletion (0.117523ms)
✔ denies PR #19 manifest fixture: extra nested field (0.314762ms)
✔ allows current time and the exact five-minute skew boundary (0.643591ms)
✔ denies timestamp beyond the five-minute boundary (0.136675ms)
✔ denies year-9999 timestamp (0.077749ms)
✔ denies already-future base timestamp (0.303617ms)
✔ denies equal timestamp (0.131271ms)
✔ fails closed without a valid trusted evaluation time (0.199772ms)
✔ denies foundation-manifest changes without trusted semantic evidence (0.11352ms)
✔ denies any additional foundation-manifest semantic change (0.676271ms)
✔ denies stale timestamps and non-modified foundation-manifest paths (0.348576ms)
✔ keeps every other Aegis path denied beside a verified timestamp change (0.563248ms)
✔ denies workflow-permissions path .github/workflows/release.yml (0.15524ms)
✔ denies ci-governance path scripts/ci/auto-merge-policy.mjs (0.223334ms)
✔ denies ci-governance path config/ci/verification-capabilities.json (0.043091ms)
✔ denies ci-governance path packages/web/tsconfig.json (0.032303ms)
✔ denies secret-material path config/secrets/production.json (0.017344ms)
✔ denies production-deployment path infra/production/main.tf (0.016807ms)
✔ denies migration path database/migrations/0001_drop_table.sql (0.08204ms)
✔ denies destructive-operation path scripts/ops/destroy-preview.sh (0.02535ms)
✔ denies branch-protection path config/branch-protection.json (0.015973ms)
✔ denies aegis-retirement path .aegis/contract.md (0.018556ms)
✔ denies aegis-retirement path docs/ai/AEGIS_AUTONOMY_GRANT.md (0.01499ms)
✔ denies changes to workflow and CI enforcement surfaces (0.084553ms)
✔ deny labels override otherwise safe paths (0.047403ms)
✔ fails closed when the file list is empty or malformed (0.038592ms)
✔ fails closed unless the caller proves the file inventory is complete (0.045078ms)
✔ requires real applicable test capabilities for behavior-changing paths (0.133874ms)
✔ fails closed when a test file is removed (0.145923ms)
✔ classifies both sides of a rename and denies missing rename provenance (0.119728ms)
✔ allows dependency-only manifest changes only when scripts remain trusted (0.161668ms)
✔ allows only when every exact required check is green from GitHub Actions (0.25088ms)
✔ defers when a required check is missing or pending (0.104878ms)
✔ denies failed checks and checks from an unexpected app (0.160346ms)
✔ uses the newest duplicate check run instead of a stale success (0.184832ms)
✔ flattens paginated check-run responses (0.094189ms)
ℹ tests 65
ℹ suites 0
ℹ pass 65
ℹ fail 0
ℹ cancelled 0
ℹ skipped 0
ℹ todo 0
ℹ duration_ms 27.724674
✔ handles CI completion and pull-request eligibility state changes (0.866001ms)
✔ grants write access only to contents and pull requests in the merge job (0.198729ms)
✔ executes trusted default-branch policy instead of pull-request code (0.116014ms)
✔ never checks out or fetches a pull-request head or merge ref (0.190603ms)
✔ never downloads pull-request artifacts into the privileged job (0.289472ms)
✔ executes no pull-request-controlled package or script surface (0.778318ms)
✔ allows only trusted semantic verification of the Aegis manifest timestamp (0.165054ms)
✔ proves a unique regular manifest blob before semantic allowance (0.189372ms)
✔ binds timestamp evaluation to trusted CLI runner time with five-minute skew (0.2031ms)
✔ fails closed unless the privileged trigger and API identifiers are valid (0.213212ms)
✔ directly inspects check runs and excludes its own check (0.150601ms)
✔ fails closed for forks, incomplete file inventories, and stale heads (0.150691ms)
✔ includes rename provenance in both initial and final inventories (0.108702ms)
✔ uses squash merge and deletes only the merged pull-request branch (0.20447ms)
✔ does not require or add an auto-merge label (0.12846ms)
✔ dispatches exact-commit CI only after a verified squash merge (0.212646ms)
✔ runs repository-dispatched CI from trusted main before exact commit checkout (0.197338ms)
✔ keeps the pinned Gitleaks action for push and pull-request events (0.110768ms)
✔ uses a checksum-pinned official Gitleaks CLI for repository dispatch (0.147641ms)
✔ binds the dispatch CLI scan to the trusted exact commit and full history (0.134082ms)
✔ fails closed unless the event-specific Gitleaks path completes (0.075574ms)
▶ executes the event-path outcome contract and denies skipped scanners
  ✔ allows push expected outcomes (2.613706ms)
  ✔ allows pull_request expected outcomes (1.692536ms)
  ✔ allows repository_dispatch expected outcomes (1.840549ms)
  ✔ denies push scanner skipped (1.797393ms)
  ✔ denies pull-request scanner failed (1.779916ms)
  ✔ denies dispatch installer skipped (1.86346ms)
  ✔ denies dispatch scanner skipped (1.614468ms)
  ✔ denies dispatch action unexpectedly ran (1.527669ms)
  ✔ denies unknown event (1.616754ms)
✔ executes the event-path outcome contract and denies skipped scanners (17.108171ms)
✔ allows standard CI events and the verified post-merge dispatch (0.305028ms)
✔ fails closed for malformed and unsupported CI context (0.122867ms)
▶ denies adversarial post-merge dispatch evidence
  ✔ wrong dispatch action (0.154088ms)
  ✔ missing payload (0.102385ms)
  ✔ malformed merge sha (0.0718ms)
  ✔ extra payload field (0.085448ms)
  ✔ invalid pull request number (0.041601ms)
  ✔ unmerged pull request (0.033634ms)
  ✔ different merge commit (0.10304ms)
  ✔ moved reviewed head (0.157644ms)
  ✔ fork repository (0.083064ms)
  ✔ wrong base branch (0.039724ms)
  ✔ wrong base repository (0.027933ms)
  ✔ merge absent from event main (0.022867ms)
✔ denies adversarial post-merge dispatch evidence (1.496001ms)
ℹ tests 46
ℹ suites 0
ℹ pass 46
ℹ fail 0
ℹ cancelled 0
ℹ skipped 0
ℹ todo 0
ℹ duration_ms 30.236893
