{
  "actual": null,
  "errors": [],
  "expected": {
    "allowedBuilds": {
      "sharp": "0.34.5",
      "unrs-resolver": "1.7.9"
    },
    "corepack": "0.35.0",
    "node": "24.18.0",
    "packageManager": "pnpm@11.11.0+sha512.4463f65fd80ed80d69bc1d4bf163ee94f605c7380fc318bb5b2ebe15f8cd12d49c51a4d59e951b401e764d3b6ca751cbf51bc50ed7001a6bcb4935e684c34882",
    "pnpm": "11.11.0"
  },
  "status": "passed"
}
✔ accepts the canonical static runtime projections (51.039345ms)
✔ rejects developer and package engine drift (31.718643ms)
✔ rejects pnpm version, integrity, and script drift (28.251313ms)
✔ rejects workspace script or dependency declaration drift (36.55163ms)
✔ rejects legacy pnpm settings and incomplete override migration (20.870933ms)
✔ rejects missing, broad, unresolved, or additional dependency build approvals (60.166209ms)
✔ rejects lockfile format and exact override key or value drift (41.824112ms)
✔ rejects CI Node, pnpm, and enforcement drift (261.369362ms)
✔ rejects commented runtime commands and a weakened enforcement loop (63.323489ms)
✔ rejects mutable or unexpected action references (61.044683ms)
✔ rejects removed or shadowed pnpm settings in .npmrc (29.697919ms)
✔ rejects pnpm workspace enforcement setting drift (48.688776ms)
✔ rejects active runtime mismatches (18.900047ms)
ℹ tests 13
ℹ suites 0
ℹ pass 13
ℹ fail 0
ℹ cancelled 0
ℹ skipped 0
ℹ todo 0
ℹ duration_ms 762.357938
