$ node tests/ci/auto-merge-policy.test.mjs && node tests/ci/auto-merge-workflow.test.mjs
✔ allows a documentation-only pull request without an opt-in label (1.726535ms)
✔ allows cataloged domain-skill paths while protecting the control skill (0.352499ms)
✔ allows PR #19 exact verification-only manifest timestamp delta (1.624462ms)
✔ allows only unique regular 100644 blobs for base and head (0.208557ms)
✔ denies manifest object fixture: regular file becomes symlink (0.737117ms)
✔ denies manifest object fixture: executable bit is added (0.900363ms)
✔ denies manifest object fixture: manifest blob is missing (0.481364ms)
✔ denies manifest object fixture: manifest object has wrong type (0.492723ms)
✔ denies manifest object fixture: manifest entry is ambiguous (0.743128ms)
✔ denies manifest object fixture: aegis tree entry is missing (0.466084ms)
✔ denies manifest object fixture: root tree response is truncated (0.383009ms)
✔ denies manifest object fixture: manifest tree response is truncated (0.281985ms)
✔ denies manifest object fixture: manifest entry is a submodule (0.536414ms)
✔ denies manifest object fixture: head revision evidence is missing (0.37975ms)
✔ denies manifest object fixture: head revision evidence is duplicated (0.329456ms)
✔ denies manifest object fixture: manifest path is unexpected (0.318251ms)
✔ denies manifest object fixture: head object evidence has malformed shape (0.492151ms)
✔ denies PR #19 manifest fixture: malformed base JSON (0.212591ms)
✔ denies PR #19 manifest fixture: malformed head JSON (0.163072ms)
✔ denies PR #19 manifest fixture: missing base content (0.102002ms)
✔ denies PR #19 manifest fixture: missing head content (0.08118ms)
✔ denies PR #19 manifest fixture: invalid calendar timestamp (0.177996ms)
✔ denies PR #19 manifest fixture: timestamp plus runtime source change (0.265767ms)
✔ denies PR #19 manifest fixture: managed asset checksum change (3.694317ms)
✔ denies PR #19 manifest fixture: enforcement field addition (0.564377ms)
✔ denies PR #19 manifest fixture: authority field addition (0.298803ms)
✔ denies PR #19 manifest fixture: verification report-list change (0.525656ms)
✔ denies PR #19 manifest fixture: verification status change (0.466796ms)
✔ denies PR #19 manifest fixture: field deletion (0.696634ms)
✔ denies PR #19 manifest fixture: timestamp deletion (0.120267ms)
✔ denies PR #19 manifest fixture: extra nested field (0.311812ms)
✔ allows current time and the exact five-minute skew boundary (0.587196ms)
✔ denies timestamp beyond the five-minute boundary (0.125727ms)
✔ denies year-9999 timestamp (0.075994ms)
✔ denies already-future base timestamp (0.302563ms)
✔ denies equal timestamp (0.124036ms)
✔ fails closed without a valid trusted evaluation time (0.172454ms)
✔ denies foundation-manifest changes without trusted semantic evidence (0.093303ms)
✔ denies any additional foundation-manifest semantic change (0.43156ms)
✔ denies stale timestamps and non-modified foundation-manifest paths (0.39611ms)
✔ keeps every other Aegis path denied beside a verified timestamp change (0.341905ms)
✔ denies workflow-permissions path .github/workflows/release.yml (0.236072ms)
✔ denies ci-governance path scripts/ci/auto-merge-policy.mjs (0.268263ms)
✔ denies ci-governance path config/ci/verification-capabilities.json (0.043519ms)
✔ denies ci-governance path packages/web/tsconfig.json (0.031936ms)
✔ denies secret-material path config/secrets/production.json (0.018316ms)
✔ denies production-deployment path infra/production/main.tf (0.019263ms)
✔ denies migration path database/migrations/0001_drop_table.sql (0.080477ms)
✔ denies destructive-operation path scripts/ops/destroy-preview.sh (0.026639ms)
✔ denies branch-protection path config/branch-protection.json (0.01689ms)
✔ denies aegis-retirement path .aegis/contract.md (0.01906ms)
✔ denies aegis-retirement path docs/ai/AEGIS_AUTONOMY_GRANT.md (0.015566ms)
✔ denies changes to workflow and CI enforcement surfaces (0.091234ms)
✔ deny labels override otherwise safe paths (0.046055ms)
✔ fails closed when the file list is empty or malformed (0.040483ms)
✔ fails closed unless the caller proves the file inventory is complete (0.046096ms)
✔ requires real applicable test capabilities for behavior-changing paths (0.129965ms)
✔ fails closed when a test file is removed (0.146784ms)
✔ classifies both sides of a rename and denies missing rename provenance (0.120481ms)
✔ allows dependency-only manifest changes only when scripts remain trusted (0.256813ms)
✔ allows only when every exact required check is green from GitHub Actions (0.269536ms)
✔ defers when a required check is missing or pending (0.111415ms)
✔ denies failed checks and checks from an unexpected app (0.162268ms)
✔ uses the newest duplicate check run instead of a stale success (0.174034ms)
✔ flattens paginated check-run responses (0.174808ms)
ℹ tests 65
ℹ suites 0
ℹ pass 65
ℹ fail 0
ℹ cancelled 0
ℹ skipped 0
ℹ todo 0
ℹ duration_ms 30.40847
✔ handles CI completion and pull-request eligibility state changes (0.803251ms)
✔ grants write access only to contents and pull requests in the merge job (0.199745ms)
✔ executes trusted default-branch policy instead of pull-request code (0.19832ms)
✔ never checks out or fetches a pull-request head or merge ref (0.216626ms)
✔ never downloads pull-request artifacts into the privileged job (0.301605ms)
✔ executes no pull-request-controlled package or script surface (0.758378ms)
✔ allows only trusted semantic verification of the Aegis manifest timestamp (0.159467ms)
✔ proves a unique regular manifest blob before semantic allowance (0.18691ms)
✔ binds timestamp evaluation to trusted CLI runner time with five-minute skew (0.218337ms)
✔ fails closed unless the privileged trigger and API identifiers are valid (0.255305ms)
✔ directly inspects check runs and excludes its own check (0.696416ms)
✔ fails closed for forks, incomplete file inventories, and stale heads (0.191423ms)
✔ includes rename provenance in both initial and final inventories (0.105455ms)
✔ uses squash merge and deletes only the merged pull-request branch (0.199359ms)
✔ does not require or add an auto-merge label (0.12752ms)
✔ dispatches exact-commit CI only after a verified squash merge (0.218296ms)
✔ runs repository-dispatched CI from trusted main before exact commit checkout (0.176ms)
✔ keeps the pinned Gitleaks action for push and pull-request events (0.104477ms)
✔ uses a checksum-pinned official Gitleaks CLI for repository dispatch (0.120736ms)
✔ binds the dispatch CLI scan to the trusted exact commit and full history (0.065777ms)
✔ fails closed unless the event-specific Gitleaks path completes (0.052432ms)
▶ executes the event-path outcome contract and denies skipped scanners
  ✔ allows push expected outcomes (2.704049ms)
  ✔ allows pull_request expected outcomes (1.779334ms)
  ✔ allows repository_dispatch expected outcomes (1.633966ms)
  ✔ denies push scanner skipped (1.598653ms)
  ✔ denies pull-request scanner failed (1.819007ms)
  ✔ denies dispatch installer skipped (1.754152ms)
  ✔ denies dispatch scanner skipped (1.922058ms)
  ✔ denies dispatch action unexpectedly ran (1.612691ms)
  ✔ denies unknown event (1.727493ms)
✔ executes the event-path outcome contract and denies skipped scanners (17.265763ms)
✔ allows standard CI events and the verified post-merge dispatch (0.33838ms)
✔ fails closed for malformed and unsupported CI context (0.141171ms)
▶ denies adversarial post-merge dispatch evidence
  ✔ wrong dispatch action (0.15801ms)
  ✔ missing payload (0.129629ms)
  ✔ malformed merge sha (0.072235ms)
  ✔ extra payload field (0.086213ms)
  ✔ invalid pull request number (0.041583ms)
  ✔ unmerged pull request (0.029685ms)
  ✔ different merge commit (0.123975ms)
  ✔ moved reviewed head (0.161412ms)
  ✔ fork repository (0.086772ms)
  ✔ wrong base branch (0.042102ms)
  ✔ wrong base repository (0.031488ms)
  ✔ merge absent from event main (0.023695ms)
✔ denies adversarial post-merge dispatch evidence (1.555282ms)
ℹ tests 46
ℹ suites 0
ℹ pass 46
ℹ fail 0
ℹ cancelled 0
ℹ skipped 0
ℹ todo 0
ℹ duration_ms 34.178008
