$ node tests/ci/auto-merge-policy.test.mjs && node tests/ci/auto-merge-workflow.test.mjs
✔ allows a documentation-only pull request without an opt-in label (1.704514ms)
✔ allows cataloged domain-skill paths while protecting the control skill (0.27888ms)
✔ allows PR #19 exact verification-only manifest timestamp delta (1.472035ms)
✔ allows only unique regular 100644 blobs for base and head (0.196249ms)
✔ denies manifest object fixture: regular file becomes symlink (0.704464ms)
✔ denies manifest object fixture: executable bit is added (0.963057ms)
✔ denies manifest object fixture: manifest blob is missing (0.398577ms)
✔ denies manifest object fixture: manifest object has wrong type (0.453271ms)
✔ denies manifest object fixture: manifest entry is ambiguous (0.786964ms)
✔ denies manifest object fixture: aegis tree entry is missing (0.406889ms)
✔ denies manifest object fixture: root tree response is truncated (0.357949ms)
✔ denies manifest object fixture: manifest tree response is truncated (0.257171ms)
✔ denies manifest object fixture: manifest entry is a submodule (0.558577ms)
✔ denies manifest object fixture: head revision evidence is missing (0.32792ms)
✔ denies manifest object fixture: head revision evidence is duplicated (0.236448ms)
✔ denies manifest object fixture: manifest path is unexpected (0.227467ms)
✔ denies manifest object fixture: head object evidence has malformed shape (0.478358ms)
✔ denies PR #19 manifest fixture: malformed base JSON (0.217129ms)
✔ denies PR #19 manifest fixture: malformed head JSON (0.089696ms)
✔ denies PR #19 manifest fixture: missing base content (0.074282ms)
✔ denies PR #19 manifest fixture: missing head content (0.069365ms)
✔ denies PR #19 manifest fixture: invalid calendar timestamp (0.159991ms)
✔ denies PR #19 manifest fixture: timestamp plus runtime source change (0.316587ms)
✔ denies PR #19 manifest fixture: managed asset checksum change (0.434045ms)
✔ denies PR #19 manifest fixture: enforcement field addition (0.540243ms)
✔ denies PR #19 manifest fixture: authority field addition (0.289683ms)
✔ denies PR #19 manifest fixture: verification report-list change (0.398744ms)
✔ denies PR #19 manifest fixture: verification status change (0.398317ms)
✔ denies PR #19 manifest fixture: field deletion (0.588299ms)
✔ denies PR #19 manifest fixture: timestamp deletion (0.116639ms)
✔ denies PR #19 manifest fixture: extra nested field (0.295809ms)
✔ allows current time and the exact five-minute skew boundary (0.668745ms)
✔ denies timestamp beyond the five-minute boundary (0.132267ms)
✔ denies year-9999 timestamp (0.126187ms)
✔ denies already-future base timestamp (0.135595ms)
✔ denies equal timestamp (0.30506ms)
✔ fails closed without a valid trusted evaluation time (0.272483ms)
✔ denies foundation-manifest changes without trusted semantic evidence (0.09494ms)
✔ denies any additional foundation-manifest semantic change (0.489854ms)
✔ denies stale timestamps and non-modified foundation-manifest paths (0.427974ms)
✔ keeps every other Aegis path denied beside a verified timestamp change (0.537278ms)
✔ denies workflow-permissions path .github/workflows/release.yml (0.143934ms)
✔ denies ci-governance path scripts/ci/auto-merge-policy.mjs (0.204811ms)
✔ denies ci-governance path config/ci/verification-capabilities.json (0.040739ms)
✔ denies ci-governance path packages/web/tsconfig.json (0.030484ms)
✔ denies secret-material path config/secrets/production.json (0.017153ms)
✔ denies production-deployment path infra/production/main.tf (0.015601ms)
✔ denies migration path database/migrations/0001_drop_table.sql (0.076272ms)
✔ denies destructive-operation path scripts/ops/destroy-preview.sh (0.019272ms)
✔ denies branch-protection path config/branch-protection.json (0.022963ms)
✔ denies aegis-retirement path .aegis/contract.md (0.019356ms)
✔ denies aegis-retirement path docs/ai/AEGIS_AUTONOMY_GRANT.md (0.014549ms)
✔ denies changes to workflow and CI enforcement surfaces (0.164844ms)
✔ deny labels override otherwise safe paths (0.074236ms)
✔ fails closed when the file list is empty or malformed (0.046019ms)
✔ fails closed unless the caller proves the file inventory is complete (0.055177ms)
✔ requires real applicable test capabilities for behavior-changing paths (0.122421ms)
✔ fails closed when a test file is removed (0.136321ms)
✔ classifies both sides of a rename and denies missing rename provenance (0.17295ms)
✔ allows dependency-only manifest changes only when scripts remain trusted (0.16978ms)
✔ allows only when every exact required check is green from GitHub Actions (0.171639ms)
✔ defers when a required check is missing or pending (0.125573ms)
✔ denies failed checks and checks from an unexpected app (0.169641ms)
✔ uses the newest duplicate check run instead of a stale success (0.176967ms)
✔ flattens paginated check-run responses (0.159321ms)
ℹ tests 65
ℹ suites 0
ℹ pass 65
ℹ fail 0
ℹ cancelled 0
ℹ skipped 0
ℹ todo 0
ℹ duration_ms 26.030092
✔ handles CI completion and pull-request eligibility state changes (0.801263ms)
✔ grants write access only to contents and pull requests in the merge job (0.187519ms)
✔ executes trusted default-branch policy instead of pull-request code (0.103763ms)
✔ never checks out or fetches a pull-request head or merge ref (0.262135ms)
✔ never downloads pull-request artifacts into the privileged job (0.253136ms)
✔ executes no pull-request-controlled package or script surface (0.653507ms)
✔ allows only trusted semantic verification of the Aegis manifest timestamp (0.141713ms)
✔ proves a unique regular manifest blob before semantic allowance (0.17256ms)
✔ binds timestamp evaluation to trusted CLI runner time with five-minute skew (0.170282ms)
✔ fails closed unless the privileged trigger and API identifiers are valid (0.204216ms)
✔ directly inspects check runs and excludes its own check (0.157044ms)
✔ fails closed for forks, incomplete file inventories, and stale heads (0.133029ms)
✔ includes rename provenance in both initial and final inventories (0.080855ms)
✔ uses squash merge and deletes only the merged pull-request branch (0.183437ms)
✔ does not require or add an auto-merge label (0.121185ms)
✔ dispatches exact-commit CI only after a verified squash merge (0.182331ms)
✔ runs repository-dispatched CI from trusted main before exact commit checkout (0.173918ms)
✔ keeps the pinned Gitleaks action for push and pull-request events (0.082528ms)
✔ uses a checksum-pinned official Gitleaks CLI for repository dispatch (0.131021ms)
✔ binds the dispatch CLI scan to the trusted exact commit and full history (0.125768ms)
✔ fails closed unless the event-specific Gitleaks path completes (0.097943ms)
▶ executes the event-path outcome contract and denies skipped scanners
  ✔ allows push expected outcomes (2.261617ms)
  ✔ allows pull_request expected outcomes (1.594071ms)
  ✔ allows repository_dispatch expected outcomes (1.471486ms)
  ✔ denies push scanner skipped (1.470738ms)
  ✔ denies pull-request scanner failed (1.547745ms)
  ✔ denies dispatch installer skipped (1.447399ms)
  ✔ denies dispatch scanner skipped (1.482188ms)
  ✔ denies dispatch action unexpectedly ran (1.438706ms)
  ✔ denies unknown event (1.450239ms)
✔ executes the event-path outcome contract and denies skipped scanners (14.781233ms)
✔ allows standard CI events and the verified post-merge dispatch (0.281492ms)
✔ fails closed for malformed and unsupported CI context (0.05712ms)
▶ denies adversarial post-merge dispatch evidence
  ✔ wrong dispatch action (0.123667ms)
  ✔ missing payload (0.142029ms)
  ✔ malformed merge sha (0.088181ms)
  ✔ extra payload field (0.091054ms)
  ✔ invalid pull request number (0.041883ms)
  ✔ unmerged pull request (0.028588ms)
  ✔ different merge commit (0.074468ms)
  ✔ moved reviewed head (0.185497ms)
  ✔ fork repository (0.072181ms)
  ✔ wrong base branch (0.037661ms)
  ✔ wrong base repository (0.027101ms)
  ✔ merge absent from event main (0.020407ms)
✔ denies adversarial post-merge dispatch evidence (1.395563ms)
ℹ tests 46
ℹ suites 0
ℹ pass 46
ℹ fail 0
ℹ cancelled 0
ℹ skipped 0
ℹ todo 0
ℹ duration_ms 30.133166
