$ node tests/ci/auto-merge-policy.test.mjs && node tests/ci/auto-merge-workflow.test.mjs
✔ allows a documentation-only pull request without an opt-in label (1.793968ms)
✔ allows cataloged domain-skill paths while protecting the control skill (0.32082ms)
✔ allows PR #19 exact verification-only manifest timestamp delta (1.639277ms)
✔ allows only unique regular 100644 blobs for base and head (0.178043ms)
✔ denies manifest object fixture: regular file becomes symlink (0.81302ms)
✔ denies manifest object fixture: executable bit is added (0.933648ms)
✔ denies manifest object fixture: manifest blob is missing (0.433668ms)
✔ denies manifest object fixture: manifest object has wrong type (0.482007ms)
✔ denies manifest object fixture: manifest entry is ambiguous (0.789328ms)
✔ denies manifest object fixture: aegis tree entry is missing (0.410499ms)
✔ denies manifest object fixture: root tree response is truncated (0.38233ms)
✔ denies manifest object fixture: manifest tree response is truncated (0.550099ms)
✔ denies manifest object fixture: manifest entry is a submodule (0.594566ms)
✔ denies manifest object fixture: head revision evidence is missing (0.324553ms)
✔ denies manifest object fixture: head revision evidence is duplicated (0.249243ms)
✔ denies manifest object fixture: manifest path is unexpected (0.263932ms)
✔ denies manifest object fixture: head object evidence has malformed shape (0.543437ms)
✔ denies PR #19 manifest fixture: malformed base JSON (0.221345ms)
✔ denies PR #19 manifest fixture: malformed head JSON (0.106157ms)
✔ denies PR #19 manifest fixture: missing base content (0.082581ms)
✔ denies PR #19 manifest fixture: missing head content (0.072959ms)
✔ denies PR #19 manifest fixture: invalid calendar timestamp (0.165433ms)
✔ denies PR #19 manifest fixture: timestamp plus runtime source change (0.25959ms)
✔ denies PR #19 manifest fixture: managed asset checksum change (0.428765ms)
✔ denies PR #19 manifest fixture: enforcement field addition (0.634251ms)
✔ denies PR #19 manifest fixture: authority field addition (0.302776ms)
✔ denies PR #19 manifest fixture: verification report-list change (0.307562ms)
✔ denies PR #19 manifest fixture: verification status change (0.418834ms)
✔ denies PR #19 manifest fixture: field deletion (0.641422ms)
✔ denies PR #19 manifest fixture: timestamp deletion (0.125449ms)
✔ denies PR #19 manifest fixture: extra nested field (0.311643ms)
✔ allows current time and the exact five-minute skew boundary (0.617996ms)
✔ denies timestamp beyond the five-minute boundary (0.127711ms)
✔ denies year-9999 timestamp (0.074923ms)
✔ denies already-future base timestamp (0.140765ms)
✔ denies equal timestamp (0.415668ms)
✔ fails closed without a valid trusted evaluation time (0.187432ms)
✔ denies foundation-manifest changes without trusted semantic evidence (0.098721ms)
✔ denies any additional foundation-manifest semantic change (0.571252ms)
✔ denies stale timestamps and non-modified foundation-manifest paths (0.432914ms)
✔ keeps every other Aegis path denied beside a verified timestamp change (0.495701ms)
✔ denies workflow-permissions path .github/workflows/release.yml (0.142941ms)
✔ denies ci-governance path scripts/ci/auto-merge-policy.mjs (0.222718ms)
✔ denies ci-governance path config/ci/verification-capabilities.json (0.043844ms)
✔ denies ci-governance path packages/web/tsconfig.json (0.033004ms)
✔ denies secret-material path config/secrets/production.json (0.017793ms)
✔ denies production-deployment path infra/production/main.tf (0.016613ms)
✔ denies migration path database/migrations/0001_drop_table.sql (0.077659ms)
✔ denies destructive-operation path scripts/ops/destroy-preview.sh (0.01962ms)
✔ denies branch-protection path config/branch-protection.json (0.020549ms)
✔ denies aegis-retirement path .aegis/contract.md (0.018962ms)
✔ denies aegis-retirement path docs/ai/AEGIS_AUTONOMY_GRANT.md (0.015733ms)
✔ denies changes to workflow and CI enforcement surfaces (0.087194ms)
✔ deny labels override otherwise safe paths (0.044356ms)
✔ fails closed when the file list is empty or malformed (0.039801ms)
✔ fails closed unless the caller proves the file inventory is complete (0.047557ms)
✔ requires real applicable test capabilities for behavior-changing paths (0.128726ms)
✔ fails closed when a test file is removed (0.143637ms)
✔ classifies both sides of a rename and denies missing rename provenance (0.213377ms)
✔ allows dependency-only manifest changes only when scripts remain trusted (0.184145ms)
✔ allows only when every exact required check is green from GitHub Actions (0.19746ms)
✔ defers when a required check is missing or pending (0.087552ms)
✔ denies failed checks and checks from an unexpected app (0.154023ms)
✔ uses the newest duplicate check run instead of a stale success (0.18458ms)
✔ flattens paginated check-run responses (0.170123ms)
ℹ tests 65
ℹ suites 0
ℹ pass 65
ℹ fail 0
ℹ cancelled 0
ℹ skipped 0
ℹ todo 0
ℹ duration_ms 27.693993
✔ handles CI completion and pull-request eligibility state changes (0.876638ms)
✔ grants write access only to contents and pull requests in the merge job (0.171951ms)
✔ executes trusted default-branch policy instead of pull-request code (0.127015ms)
✔ never checks out or fetches a pull-request head or merge ref (0.285543ms)
✔ never downloads pull-request artifacts into the privileged job (0.319108ms)
✔ executes no pull-request-controlled package or script surface (1.070946ms)
✔ allows only trusted semantic verification of the Aegis manifest timestamp (0.194598ms)
✔ proves a unique regular manifest blob before semantic allowance (0.262733ms)
✔ binds timestamp evaluation to trusted CLI runner time with five-minute skew (0.376895ms)
✔ fails closed unless the privileged trigger and API identifiers are valid (0.237223ms)
✔ directly inspects check runs and excludes its own check (0.226895ms)
✔ fails closed for forks, incomplete file inventories, and stale heads (0.165481ms)
✔ includes rename provenance in both initial and final inventories (0.128475ms)
✔ uses squash merge and deletes only the merged pull-request branch (0.261765ms)
✔ does not require or add an auto-merge label (0.163209ms)
✔ dispatches exact-commit CI only after a verified squash merge (0.245268ms)
✔ runs repository-dispatched CI from trusted main before exact commit checkout (0.226035ms)
✔ keeps the pinned Gitleaks action for push and pull-request events (0.131579ms)
✔ uses a checksum-pinned official Gitleaks CLI for repository dispatch (0.177424ms)
✔ binds the dispatch CLI scan to the trusted exact commit and full history (0.138783ms)
✔ fails closed unless the event-specific Gitleaks path completes (0.155734ms)
▶ executes the event-path outcome contract and denies skipped scanners
  ✔ allows push expected outcomes (3.216958ms)
  ✔ allows pull_request expected outcomes (2.034846ms)
  ✔ allows repository_dispatch expected outcomes (1.766679ms)
  ✔ denies push scanner skipped (2.308312ms)
  ✔ denies pull-request scanner failed (1.590493ms)
  ✔ denies dispatch installer skipped (1.618759ms)
  ✔ denies dispatch scanner skipped (1.610674ms)
  ✔ denies dispatch action unexpectedly ran (1.533469ms)
  ✔ denies unknown event (1.648879ms)
✔ executes the event-path outcome contract and denies skipped scanners (18.136983ms)
✔ allows standard CI events and the verified post-merge dispatch (0.299324ms)
✔ fails closed for malformed and unsupported CI context (0.111427ms)
▶ denies adversarial post-merge dispatch evidence
  ✔ wrong dispatch action (0.169311ms)
  ✔ missing payload (0.096593ms)
  ✔ malformed merge sha (0.069749ms)
  ✔ extra payload field (0.085183ms)
  ✔ invalid pull request number (0.095626ms)
  ✔ unmerged pull request (0.083751ms)
  ✔ different merge commit (0.107811ms)
  ✔ moved reviewed head (0.124491ms)
  ✔ fork repository (0.080948ms)
  ✔ wrong base branch (0.040449ms)
  ✔ wrong base repository (0.027385ms)
  ✔ merge absent from event main (0.022366ms)
✔ denies adversarial post-merge dispatch evidence (1.649421ms)
ℹ tests 46
ℹ suites 0
ℹ pass 46
ℹ fail 0
ℹ cancelled 0
ℹ skipped 0
ℹ todo 0
ℹ duration_ms 36.102486
